DEB [20150426-23:34:40.745] thr=1   paramiko.transport: starting thread (client mode): 0x2eb32d0L
INF [20150426-23:34:40.782] thr=1   paramiko.transport: Connected (version 2.0, client OpenSSH_6.6.1p1)
DEB [20150426-23:34:40.815] thr=1   paramiko.transport: kex algos:[u'curve25519-sha256@libssh.org', u'ecdh-sha2-nistp256', u'ecdh-sha2-nistp384', u'ecdh-sha2-nistp521', u'diffie-hellman-group-exchange-sha256', u'diffie-hellman-group-exchange-sha1', u'diffie-hellman-group14-sha1', u'diffie-hellman-group1-sha1'] server key:[u'ssh-rsa', u'ssh-dss', u'ecdsa-sha2-nistp256', u'ssh-ed25519'] client encrypt:[u'aes128-ctr', u'aes192-ctr', u'aes256-ctr', u'arcfour256', u'arcfour128', u'aes128-gcm@openssh.com', u'aes256-gcm@openssh.com', u'chacha20-poly1305@openssh.com', u'aes128-cbc', u'3des-cbc', u'blowfish-cbc', u'cast128-cbc', u'aes192-cbc', u'aes256-cbc', u'arcfour', u'rijndael-cbc@lysator.liu.se'] server encrypt:[u'aes128-ctr', u'aes192-ctr', u'aes256-ctr', u'arcfour256', u'arcfour128', u'aes128-gcm@openssh.com', u'aes256-gcm@openssh.com', u'chacha20-poly1305@openssh.com', u'aes128-cbc', u'3des-cbc', u'blowfish-cbc', u'cast128-cbc', u'aes192-cbc', u'aes256-cbc', u'arcfour', u'rijndael-cbc@lysator.liu.se'] client mac:[u'hmac-md5-etm@openssh.com', u'hmac-sha1-etm@openssh.com', u'umac-64-etm@openssh.com', u'umac-128-etm@openssh.com', u'hmac-sha2-256-etm@openssh.com', u'hmac-sha2-512-etm@openssh.com', u'hmac-ripemd160-etm@openssh.com', u'hmac-sha1-96-etm@openssh.com', u'hmac-md5-96-etm@openssh.com', u'hmac-md5', u'hmac-sha1', u'umac-64@openssh.com', u'umac-128@openssh.com', u'hmac-sha2-256', u'hmac-sha2-512', u'hmac-ripemd160', u'hmac-ripemd160@openssh.com', u'hmac-sha1-96', u'hmac-md5-96'] server mac:[u'hmac-md5-etm@openssh.com', u'hmac-sha1-etm@openssh.com', u'umac-64-etm@openssh.com', u'umac-128-etm@openssh.com', u'hmac-sha2-256-etm@openssh.com', u'hmac-sha2-512-etm@openssh.com', u'hmac-ripemd160-etm@openssh.com', u'hmac-sha1-96-etm@openssh.com', u'hmac-md5-96-etm@openssh.com', u'hmac-md5', u'hmac-sha1', u'umac-64@openssh.com', u'umac-128@openssh.com', u'hmac-sha2-256', u'hmac-sha2-512', u'hmac-ripemd160', u'hmac-ripemd160@openssh.com', u'hmac-sha1-96', u'hmac-md5-96'] client compress:[u'none', u'zlib@openssh.com'] server compress:[u'none', u'zlib@openssh.com'] client lang:[u''] server lang:[u''] kex follows?False
DEB [20150426-23:34:40.815] thr=1   paramiko.transport: Ciphers agreed: local=aes128-ctr, remote=aes128-ctr
DEB [20150426-23:34:40.815] thr=1   paramiko.transport: using kex diffie-hellman-group14-sha1; server key type ssh-rsa; cipher: local aes128-ctr, remote aes128-ctr; mac: local hmac-sha1, remote hmac-sha1; compression: local none, remote none
DEB [20150426-23:34:40.909] thr=1   paramiko.transport: Switch to new keys ...
DEB [20150426-23:34:40.917] thr=2   paramiko.transport: Trying discovered key 3201da646b7f68632965749d5c5e6977 in /Users/sabinemaennel/.ssh/id_rsa
DEB [20150426-23:34:41.023] thr=1   paramiko.transport: userauth is OK
INF [20150426-23:34:41.995] thr=1   paramiko.transport: Authentication (publickey) successful!
DEB [20150426-23:34:42.025] thr=2   paramiko.transport: [chan 0] Max packet in: 32768 bytes
DEB [20150426-23:34:42.070] thr=1   paramiko.transport: [chan 0] Max packet out: 32768 bytes
DEB [20150426-23:34:42.070] thr=1   paramiko.transport: Secsh channel 0 opened.
DEB [20150426-23:34:42.125] thr=1   paramiko.transport: [chan 0] Sesch channel 0 request ok
DEB [20150426-23:34:42.163] thr=1   paramiko.transport: [chan 0] Sesch channel 0 request ok
DEB [20150426-23:34:46.742] thr=1   paramiko.transport: [chan 0] EOF received (0)
DEB [20150426-23:34:46.743] thr=1   paramiko.transport: [chan 0] EOF sent (0)
DEB [20150426-23:34:46.769] thr=2   paramiko.transport: [chan 1] Max packet in: 32768 bytes
DEB [20150426-23:34:46.855] thr=1   paramiko.transport: [chan 1] Max packet out: 32768 bytes
DEB [20150426-23:34:46.855] thr=1   paramiko.transport: Secsh channel 1 opened.
DEB [20150426-23:34:46.903] thr=1   paramiko.transport: [chan 1] Sesch channel 1 request ok
DEB [20150426-23:34:46.935] thr=1   paramiko.transport: [chan 1] Sesch channel 1 request ok
DEB [20150426-23:34:46.979] thr=1   paramiko.transport: [chan 1] EOF received (1)
DEB [20150426-23:34:46.979] thr=1   paramiko.transport: [chan 1] EOF sent (1)
DEB [20150426-23:34:47.081] thr=1   paramiko.transport: EOF in transport thread
